android/app/build/outputs/mapping/release/seeds.txt
com.clickativoapp.MainActivity
com.clickativoapp.MainActivity: MainActivity()
com.clickativoapp.MainApplication
com.clickativoapp.MainApplication: MainApplication()
com.clickativoapp.R$anim: int abc_fade_in
com.clickativoapp.R$anim: int abc_fade_out
com.clickativoapp.R$anim: int abc_grow_fade_in_from_bottom
com.clickativoapp.R$anim: int abc_popup_enter
com.clickativoapp.R$anim: int abc_popup_exit
com.clickativoapp.R$anim: int abc_shrink_fade_out_from_bottom
com.clickativoapp.R$anim: int abc_slide_in_bottom
com.clickativoapp.R$anim: int abc_slide_in_top
com.clickativoapp.R$anim: int abc_slide_out_bottom
com.clickativoapp.R$anim: int abc_slide_out_top
com.clickativoapp.R$anim: int abc_tooltip_enter
com.clickativoapp.R$anim: int abc_tooltip_exit
com.clickativoapp.R$anim: int catalyst_fade_in
com.clickativoapp.R$anim: int catalyst_fade_out
com.clickativoapp.R$anim: int catalyst_push_up_in
com.clickativoapp.R$anim: int catalyst_push_up_out
com.clickativoapp.R$anim: int catalyst_slide_down
com.clickativoapp.R$anim: int catalyst_slide_up
com.clickativoapp.R$attr: int actionBarDivider
com.clickativoapp.R$attr: int actionBarItemBackground
com.clickativoapp.R$attr: int actionBarPopupTheme
com.clickativoapp.R$attr: int actionBarSize
com.clickativoapp.R$attr: int actionBarSplitStyle
com.clickativoapp.R$attr: int actionBarStyle
com.clickativoapp.R$attr: int actionBarTabBarStyle
com.clickativoapp.R$attr: int actionBarTabStyle
com.clickativoapp.R$attr: int actionBarTabTextStyle
com.clickativoapp.R$attr: int actionBarTheme
com.clickativoapp.R$attr: int actionBarWidgetTheme
com.clickativoapp.R$attr: int actionButtonStyle
com.clickativoapp.R$attr: int actionDropDownStyle
com.clickativoapp.R$attr: int actionLayout
com.clickativoapp.R$attr: int actionMenuTextAppearance
com.clickativoapp.R$attr: int actionMenuTextColor
com.clickativoapp.R$attr: int actionModeBackground
com.clickativoapp.R$attr: int actionModeCloseButtonStyle
com.clickativoapp.R$attr: int actionModeCloseDrawable
com.clickativoapp.R$attr: int actionModeCopyDrawable
com.clickativoapp.R$attr: int actionModeCutDrawable
com.clickativoapp.R$attr: int actionModeFindDrawable
com.clickativoapp.R$attr: int actionModePasteDrawable
com.clickativoapp.R$attr: int actionModePopupWindowStyle
com.clickativoapp.R$attr: int actionModeSelectAllDrawable
com.clickativoapp.R$attr: int actionModeShareDrawable
com.clickativoapp.R$attr: int actionModeSplitBackground
com.clickativoapp.R$attr: int actionModeStyle
com.clickativoapp.R$attr: int actionModeWebSearchDrawable
com.clickativoapp.R$bool: int abc_action_bar_embed_tabs
com.clickativoapp.R$bool: int abc_allow_stacked_button_bar
com.clickativoapp.R$bool: int abc_config_actionMenuItemAllCaps
...
com.facebook.drawee.controller.AbstractDraweeControllerBuilder$CacheLevel: com.facebook.drawee.controller.AbstractDraweeControllerBuilder$CacheLevel[] values()
com.facebook.drawee.controller.AbstractDraweeControllerBuilder$CacheLevel: com.facebook.drawee.controller.AbstractDraweeControllerBuilder$CacheLevel valueOf(java.lang.String)
com.facebook.drawee.drawable.RoundedCornersDrawable$Type: com.facebook.drawee.drawable.RoundedCornersDrawable$Type[] values()
com.facebook.drawee.drawable.RoundedCornersDrawable$Type: com.facebook.drawee.drawable.RoundedCornersDrawable$Type valueOf(java.lang.String)
com.facebook.drawee.generic.RoundingParams$RoundingMethod: com.facebook.drawee.generic.RoundingParams$RoundingMethod[] values()
com.facebook.drawee.generic.RoundingParams$RoundingMethod: com.facebook.drawee.generic.RoundingParams$RoundingMethod valueOf(java.lang.String)
com.facebook.drawee.view.DraweeView: void setGlobalLegacyVisibilityHandlingEnabled(boolean)
com.facebook.drawee.view.DraweeView: void setHierarchy(com.facebook.drawee.interfaces.DraweeHierarchy)
com.facebook.drawee.view.DraweeView: com.facebook.drawee.interfaces.DraweeHierarchy getHierarchy()
com.facebook.drawee.view.DraweeView: android.graphics.drawable.Drawable getTopLevelDrawable()
com.facebook.drawee.view.DraweeView: void setController(com.facebook.drawee.interfaces.DraweeController)
com.facebook.drawee.view.DraweeView: com.facebook.drawee.interfaces.DraweeController getController()
com.facebook.drawee.view.DraweeView: void setImageDrawable(android.graphics.drawable.Drawable)
com.facebook.drawee.view.DraweeView: void setImageBitmap(android.graphics.Bitmap)
com.facebook.drawee.view.DraweeView: void setImageResource(int)
com.facebook.drawee.view.DraweeView: void setImageURI(android.net.Uri)
com.facebook.drawee.view.DraweeView: void setAspectRatio(float)
com.facebook.drawee.view.DraweeView: float getAspectRatio()
com.facebook.drawee.view.DraweeView: void setLegacyVisibilityHandlingEnabled(boolean)
com.facebook.drawee.view.SimpleDraweeView: com.facebook.drawee.controller.AbstractDraweeControllerBuilder getControllerBuilder()
com.facebook.drawee.view.SimpleDraweeView: void setImageRequest(com.facebook.imagepipeline.request.ImageRequest)
com.facebook.drawee.view.SimpleDraweeView: void setImageURI(android.net.Uri)
com.facebook.drawee.view.SimpleDraweeView: void setImageURI(java.lang.String)
com.facebook.drawee.view.SimpleDraweeView: void setActualImageResource(int)
com.facebook.drawee.view.SimpleDraweeView: void setImageResource(int)
com.facebook.imagepipeline.common.Priority: com.facebook.imagepipeline.common.Priority[] values()
com.facebook.imagepipeline.common.Priority: com.facebook.imagepipeline.common.Priority valueOf(java.lang.String)
com.facebook.imagepipeline.memory.NativeMemoryChunk
com.facebook.imagepipeline.memory.NativeMemoryChunk: long nativeAllocate(int)
com.facebook.imagepipeline.memory.NativeMemoryChunk: void nativeFree(long)
com.facebook.imagepipeline.memory.NativeMemoryChunk: void nativeCopyToByteArray(long,byte[],int,int)
com.facebook.imagepipeline.memory.NativeMemoryChunk: void nativeCopyFromByteArray(long,byte[],int,int)
com.facebook.imagepipeline.memory.NativeMemoryChunk: void nativeMemcpy(long,long,int)
com.facebook.imagepipeline.memory.NativeMemoryChunk: byte nativeReadByte(long)
com.facebook.imagepipeline.nativecode.Bitmaps
com.facebook.imagepipeline.nativecode.Bitmaps: java.nio.ByteBuffer nativeGetByteBuffer(android.graphics.Bitmap,long,long)
com.facebook.imagepipeline.nativecode.Bitmaps: void nativePinBitmap(android.graphics.Bitmap)
com.facebook.imagepipeline.nativecode.Bitmaps: void nativeReleaseByteBuffer(android.graphics.Bitmap)
com.facebook.imagepipeline.nativecode.Bitmaps: void nativeCopyBitmap(android.graphics.Bitmap,int,android.graphics.Bitmap,int,int)