android/app/build/outputs/mapping/release/mapping.txt
com.clickativoapp.MainActivity -> com.clickativoapp.MainActivity:
    void <init>() -> <init>
    java.lang.String getMainComponentName() -> k
com.clickativoapp.MainApplication -> com.clickativoapp.MainApplication:
    com.facebook.react.ReactNativeHost mReactNativeHost -> a
    void <init>() -> <init>
    com.facebook.react.ReactNativeHost getReactNativeHost() -> a
    void onCreate() -> onCreate
com.clickativoapp.MainApplication$1 -> com.clickativoapp.MainApplication$1:
    com.clickativoapp.MainApplication this$0 -> a
    void <init>(com.clickativoapp.MainApplication,android.app.Application) -> <init>
    boolean getUseDeveloperSupport() -> a
    java.util.List getPackages() -> b
    java.lang.String getJSMainModuleName() -> c
...
com.facebook.react.views.text.DefaultStyleValuesUtil -> com.facebook.react.views.text.d:
    android.content.res.ColorStateList getDefaultTextColorHint(android.content.Context) -> a
    android.content.res.ColorStateList getDefaultTextColor(android.content.Context) -> b
    int getDefaultTextColorHighlight(android.content.Context) -> c
    android.content.res.ColorStateList getDefaultTextAttribute(android.content.Context,int) -> a
com.facebook.react.views.text.FontMetricsUtil -> com.facebook.react.views.text.e:
    com.facebook.react.bridge.WritableArray getFontMetrics(java.lang.CharSequence,android.text.Layout,android.text.TextPaint,android.content.Context) -> a
com.facebook.react.views.text.ReactAbsoluteSizeSpan -> com.facebook.react.views.text.f:
    void <init>(int) -> <init>
com.facebook.react.views.text.ReactBackgroundColorSpan -> com.facebook.react.views.text.g:
    void <init>(int) -> <init>
com.facebook.react.views.text.ReactBaseTextShadowNode -> com.facebook.react.views.text.h:
    com.facebook.react.views.text.TextAttributes mTextAttributes -> a
    boolean mIsColorSet -> b
    int mColor -> c
    boolean mIsBackgroundColorSet -> d
    int mBackgroundColor -> e
    int mNumberOfLines -> f
    int mTextAlign -> g
    int mTextBreakStrategy -> h
    int mJustificationMode -> i
    com.facebook.react.views.text.TextTransform mTextTransform -> j
    float mTextShadowOffsetDx -> k
    float mTextShadowOffsetDy -> l
    float mTextShadowRadius -> m
    int mTextShadowColor -> n
    boolean mIsUnderlineTextDecorationSet -> o
    boolean mIsLineThroughTextDecorationSet -> p
    boolean mIncludeFontPadding -> q
    int mFontStyle -> r
    int mFontWeight -> s
    java.lang.String mFontFamily -> t
    boolean mContainsImages -> u
    float mHeightOfTallestInlineImage -> v
    void buildSpannedFromShadowNode(com.facebook.react.views.text.ReactBaseTextShadowNode,android.text.SpannableStringBuilder,java.util.List,com.facebook.react.views.text.TextAttributes,int) -> a
    android.text.Spannable spannedFromShadowNode(com.facebook.react.views.text.ReactBaseTextShadowNode,java.lang.String) -> a
    int parseNumericFontWeight(java.lang.String) -> b
    void <init>() -> <init>
    void setNumberOfLines(int) -> setNumberOfLines
    void setLineHeight(float) -> setLineHeight
    void setLetterSpacing(float) -> setLetterSpacing
com.facebook.react.views.text.ReactBaseTextShadowNode$SetSpanOperation -> com.facebook.react.views.text.h$a:
    int start -> a
    int end -> b
    com.facebook.react.views.text.ReactSpan what -> c
    void <init>(int,int,com.facebook.react.views.text.ReactSpan) -> <init>
    void execute(android.text.SpannableStringBuilder,int) -> a
com.facebook.react.views.text.ReactFontManager -> com.facebook.react.views.text.i:
    java.lang.String[] EXTENSIONS -> a
    java.lang.String[] FILE_EXTENSIONS -> b
    com.facebook.react.views.text.ReactFontManager sReactFontManagerInstance -> c
    java.util.Map mFontCache -> d
    void <init>() -> <init>
    com.facebook.react.views.text.ReactFontManager getInstance() -> a
    android.graphics.Typeface getTypeface(java.lang.String,int,android.content.res.AssetManager) -> a
    android.graphics.Typeface createTypeface(java.lang.String,int,android.content.res.AssetManager) -> b
    void <clinit>() -> <clinit>
com.facebook.react.views.text.ReactFontManager$1 -> com.facebook.react.views.text.i$1:
com.facebook.react.views.text.ReactFontManager$FontFamily -> com.facebook.react.views.text.i$a:
    android.util.SparseArray mTypefaceSparseArray -> a
    void <init>() -> <init>
    android.graphics.Typeface getTypeface(int) -> a
    void setTypeface(int,android.graphics.Typeface) -> a
    void <init>(com.facebook.react.views.text.ReactFontManager$1) -> <init>
com.facebook.react.views.text.ReactForegroundColorSpan -> com.facebook.react.views.text.j:
    void <init>(int) -> <init>