android/app/build/outputs/mapping/release/usage.txt
com.clickativoapp.BuildConfig
com.clickativoapp.R
com.clickativoapp.R$anim
com.clickativoapp.R$attr
com.clickativoapp.R$bool
com.clickativoapp.R$color
com.clickativoapp.R$dimen
com.clickativoapp.R$drawable
com.clickativoapp.R$id
com.clickativoapp.R$integer
com.clickativoapp.R$layout
com.clickativoapp.R$mipmap
com.clickativoapp.R$string
com.clickativoapp.R$style
com.clickativoapp.R$styleable
com.clickativoapp.R$xml
...
android.support.compat.R$style
android.support.compat.R$styleable:
    142:142:private R$styleable()
android.support.coordinatorlayout.R
android.support.coordinatorlayout.R$attr
android.support.coordinatorlayout.R$color
android.support.coordinatorlayout.R$dimen
android.support.coordinatorlayout.R$drawable
android.support.coordinatorlayout.R$id
android.support.coordinatorlayout.R$integer
android.support.coordinatorlayout.R$layout
android.support.coordinatorlayout.R$string
android.support.coordinatorlayout.R$style
android.support.coordinatorlayout.R$styleable
android.support.coreui.R
android.support.coreui.R$attr
android.support.coreui.R$color
android.support.coreui.R$dimen
android.support.coreui.R$drawable
android.support.coreui.R$id
android.support.coreui.R$integer
android.support.coreui.R$layout
android.support.coreui.R$string
android.support.coreui.R$style
android.support.coreui.R$styleable
android.support.coreutils.R
android.support.coreutils.R$attr
android.support.coreutils.R$color
android.support.coreutils.R$dimen
android.support.coreutils.R$drawable
android.support.coreutils.R$id
android.support.coreutils.R$integer
android.support.coreutils.R$layout
android.support.coreutils.R$string
android.support.coreutils.R$style
android.support.coreutils.R$styleable
android.support.cursoradapter.R
android.support.customview.R
android.support.customview.R$attr
android.support.customview.R$color
android.support.customview.R$dimen
android.support.customview.R$drawable
android.support.customview.R$id
android.support.customview.R$integer
android.support.customview.R$layout
android.support.customview.R$string
android.support.customview.R$style
android.support.customview.R$styleable
android.support.design.widget.CoordinatorLayout
android.support.design.widget.CoordinatorLayout$1
android.support.design.widget.CoordinatorLayout$AttachedBehavior
android.support.design.widget.CoordinatorLayout$Behavior
android.support.design.widget.CoordinatorLayout$DefaultBehavior
android.support.design.widget.CoordinatorLayout$DispatchChangeEvent
android.support.design.widget.CoordinatorLayout$HierarchyChangeListener
android.support.design.widget.CoordinatorLayout$LayoutParams
android.support.design.widget.CoordinatorLayout$OnPreDrawListener
android.support.design.widget.CoordinatorLayout$SavedState
android.support.design.widget.CoordinatorLayout$SavedState$1
android.support.design.widget.CoordinatorLayout$ViewElevationComparator
android.support.documentfile.R
android.support.drawerlayout.R
android.support.drawerlayout.R$attr
android.support.drawerlayout.R$color
android.support.drawerlayout.R$dimen
android.support.drawerlayout.R$drawable
android.support.drawerlayout.R$id
android.support.drawerlayout.R$integer
android.support.drawerlayout.R$layout
android.support.drawerlayout.R$string
android.support.drawerlayout.R$style
android.support.drawerlayout.R$styleable
android.support.fragment.R
android.support.fragment.R$attr
android.support.fragment.R$color
android.support.fragment.R$dimen
android.support.fragment.R$drawable
android.support.fragment.R$id
android.support.fragment.R$integer
android.support.fragment.R$layout
android.support.fragment.R$string
android.support.fragment.R$style
android.support.fragment.R$styleable